0 info it worked if it ends with ok
1 verbose cli [ '/usr/local/bin/node',
1 verbose cli   '/usr/local/bin/npm',
1 verbose cli   'run',
1 verbose cli   'protractor' ]
2 info using npm@3.6.0
3 info using node@v5.7.1
4 verbose run-script [ 'preprotractor', 'protractor', 'postprotractor' ]
5 info lifecycle socialDashboard@0.0.0~preprotractor: socialDashboard@0.0.0
6 verbose lifecycle socialDashboard@0.0.0~preprotractor: unsafe-perm in lifecycle true
7 verbose lifecycle socialDashboard@0.0.0~preprotractor: PATH: /usr/local/lib/node_modules/npm/bin/node-gyp-bin:/Users/Mat/Projects/Social-Dashboard/node_modules/.bin:/Users/Mat/.rvm/gems/ruby-2.2.1/bin:/Users/Mat/.rvm/gems/ruby-2.2.1@global/bin:/Users/Mat/.rvm/rubies/ruby-2.2.1/bin:/usr/local/bin:/usr/bin:/bin:/usr/sbin:/sbin:/opt/X11/bin:/Users/Mat/.rvm/bin
8 verbose lifecycle socialDashboard@0.0.0~preprotractor: CWD: /Users/Mat/Projects/Social-Dashboard
9 silly lifecycle socialDashboard@0.0.0~preprotractor: Args: [ '-c', 'npm run update-webdriver' ]
10 silly lifecycle socialDashboard@0.0.0~preprotractor: Returned: code: 0  signal: null
11 info lifecycle socialDashboard@0.0.0~protractor: socialDashboard@0.0.0
12 verbose lifecycle socialDashboard@0.0.0~protractor: unsafe-perm in lifecycle true
13 verbose lifecycle socialDashboard@0.0.0~protractor: PATH: /usr/local/lib/node_modules/npm/bin/node-gyp-bin:/Users/lewisroberts/Projects/Social-Dashboard/node_modules/.bin:/Users/lewisroberts/.rvm/gems/ruby-2.2.1/bin:/Users/lewisroberts/.rvm/gems/ruby-2.2.1@global/bin:/Users/lewisroberts/.rvm/rubies/ruby-2.2.1/bin:/usr/bin:/bin:/usr/sbin:/sbin:/usr/local/bin:/opt/X11/bin:/usr/local/git/bin:/Users/lewisroberts/.rvm/bin
14 verbose lifecycle socialDashboard@0.0.0~protractor: CWD: /Users/lewisroberts/Projects/Social-Dashboard
15 silly lifecycle socialDashboard@0.0.0~protractor: Args: [ '-c', 'protractor e2e-tests/protractor.conf.js' ]
16 silly lifecycle socialDashboard@0.0.0~protractor: Returned: code: 1  signal: null
17 info lifecycle socialDashboard@0.0.0~protractor: Failed to exec protractor script
18 verbose stack Error: socialDashboard@0.0.0 protractor: `protractor e2e-tests/protractor.conf.js`
18 verbose stack Exit status 1
18 verbose stack     at EventEmitter.<anonymous> (/usr/local/lib/node_modules/npm/lib/utils/lifecycle.js:232:16)
18 verbose stack     at emitTwo (events.js:100:13)
18 verbose stack     at EventEmitter.emit (events.js:185:7)
18 verbose stack     at ChildProcess.<anonymous> (/usr/local/lib/node_modules/npm/lib/utils/spawn.js:24:14)
18 verbose stack     at emitTwo (events.js:100:13)
18 verbose stack     at ChildProcess.emit (events.js:185:7)
18 verbose stack     at maybeClose (internal/child_process.js:827:16)
18 verbose stack     at Process.ChildProcess._handle.onexit (internal/child_process.js:211:5)
19 verbose pkgid socialDashboard@0.0.0
20 verbose cwd /Users/lewisroberts/Projects/Social-Dashboard
21 error Darwin 15.3.0
22 error argv "/usr/local/bin/node" "/usr/local/bin/npm" "run" "protractor"
23 error node v5.6.0
24 error npm  v3.6.0
25 error code ELIFECYCLE
26 error socialDashboard@0.0.0 protractor: `protractor e2e-tests/protractor.conf.js`
26 error Exit status 1
27 error Failed at the socialDashboard@0.0.0 protractor script 'protractor e2e-tests/protractor.conf.js'.
27 error Make sure you have the latest version of node.js and npm installed.
27 error If you do, this is most likely a problem with the socialDashboard package,
27 error not with npm itself.
27 error Tell the author that this fails on your system:
27 error     protractor e2e-tests/protractor.conf.js
27 error You can get information on how to open an issue for this project with:
27 error     npm bugs socialDashboard
27 error Or if that isn't available, you can get their info via:
27 error     npm owner ls socialDashboard
27 error There is likely additional logging output above.
28 verbose exit [ 1, true ]
